<?xml version="1.0" encoding="UTF-8"?>
<testsuite name="hyu_memento.memento_back.MementoBackApplicationTests" tests="1" skipped="0" failures="0" errors="0" timestamp="2022-11-26T08:01:26" hostname="ihaneul-ui-MacBookAir.local" time="0.11">
  <properties/>
  <testcase name="contextLoads()" classname="hyu_memento.memento_back.MementoBackApplicationTests" time="0.11"/>
  <system-out><![CDATA[17:01:21.880 [Test worker] DEBUG org.springframework.test.context.BootstrapUtils - Instantiating CacheAwareContextLoaderDelegate from class [org.springframework.test.context.cache.DefaultCacheAwareContextLoaderDelegate]
17:01:21.902 [Test worker] DEBUG org.springframework.test.context.BootstrapUtils - Instantiating BootstrapContext using constructor [public org.springframework.test.context.support.DefaultBootstrapContext(java.lang.Class,org.springframework.test.context.CacheAwareContextLoaderDelegate)]
17:01:21.944 [Test worker] DEBUG org.springframework.test.context.BootstrapUtils - Instantiating TestContextBootstrapper for test class [hyu_memento.memento_back.MementoBackApplicationTests] from class [org.springframework.boot.test.context.SpringBootTestContextBootstrapper]
17:01:21.958 [Test worker] INFO org.springframework.boot.test.context.SpringBootTestContextBootstrapper - Neither @ContextConfiguration nor @ContextHierarchy found for test class [hyu_memento.memento_back.MementoBackApplicationTests], using SpringBootContextLoader
17:01:21.962 [Test worker] DEBUG org.springframework.test.context.support.AbstractContextLoader - Did not detect default resource location for test class [hyu_memento.memento_back.MementoBackApplicationTests]: class path resource [hyu_memento/memento_back/MementoBackApplicationTests-context.xml] does not exist
17:01:21.962 [Test worker] DEBUG org.springframework.test.context.support.AbstractContextLoader - Did not detect default resource location for test class [hyu_memento.memento_back.MementoBackApplicationTests]: class path resource [hyu_memento/memento_back/MementoBackApplicationTestsContext.groovy] does not exist
17:01:21.963 [Test worker] INFO org.springframework.test.context.support.AbstractContextLoader - Could not detect default resource locations for test class [hyu_memento.memento_back.MementoBackApplicationTests]: no resource found for suffixes {-context.xml, Context.groovy}.
17:01:21.964 [Test worker] INFO org.springframework.test.context.support.AnnotationConfigContextLoaderUtils - Could not detect default configuration classes for test class [hyu_memento.memento_back.MementoBackApplicationTests]: MementoBackApplicationTests does not declare any static, non-private, non-final, nested classes annotated with @Configuration.
17:01:22.005 [Test worker] DEBUG org.springframework.test.context.support.ActiveProfilesUtils - Could not find an 'annotation declaring class' for annotation type [org.springframework.test.context.ActiveProfiles] and class [hyu_memento.memento_back.MementoBackApplicationTests]
17:01:22.060 [Test worker] DEBUG org.springframework.context.annotation.ClassPathScanningCandidateComponentProvider - Identified candidate component class: file [/Users/ihaneul/Desktop/seai/build/classes/java/main/hyu_memento/memento_back/MementoBackApplication.class]
17:01:22.061 [Test worker] INFO org.springframework.boot.test.context.SpringBootTestContextBootstrapper - Found @SpringBootConfiguration hyu_memento.memento_back.MementoBackApplication for test class hyu_memento.memento_back.MementoBackApplicationTests
17:01:22.178 [Test worker] DEBUG org.springframework.boot.test.context.SpringBootTestContextBootstrapper - @TestExecutionListeners is not present for class [hyu_memento.memento_back.MementoBackApplicationTests]: using defaults.
17:01:22.178 [Test worker] INFO org.springframework.boot.test.context.SpringBootTestContextBootstrapper - Loaded default TestExecutionListener class names from location [META-INF/spring.factories]: [org.springframework.boot.test.autoconfigure.restdocs.RestDocsTestExecutionListener, org.springframework.boot.test.autoconfigure.web.client.MockRestServiceServerResetTestExecutionListener, org.springframework.boot.test.autoconfigure.web.servlet.MockMvcPrintOnlyOnFailureTestExecutionListener, org.springframework.boot.test.autoconfigure.web.servlet.WebDriverTestExecutionListener, org.springframework.boot.test.autoconfigure.webservices.client.MockWebServiceServerTestExecutionListener, org.springframework.boot.test.mock.mockito.MockitoTestExecutionListener, org.springframework.boot.test.mock.mockito.ResetMocksTestExecutionListener, org.springframework.test.context.web.ServletTestExecutionListener, org.springframework.test.context.support.DirtiesContextBeforeModesTestExecutionListener, org.springframework.test.context.event.ApplicationEventsTestExecutionListener, org.springframework.test.context.support.DependencyInjectionTestExecutionListener, org.springframework.test.context.support.DirtiesContextTestExecutionListener, org.springframework.test.context.transaction.TransactionalTestExecutionListener, org.springframework.test.context.jdbc.SqlScriptsTestExecutionListener, org.springframework.test.context.event.EventPublishingTestExecutionListener]
17:01:22.195 [Test worker] INFO org.springframework.boot.test.context.SpringBootTestContextBootstrapper - Using TestExecutionListeners: [org.springframework.test.context.web.ServletTestExecutionListener@65f87a2c, org.springframework.test.context.support.DirtiesContextBeforeModesTestExecutionListener@51684e4a, org.springframework.test.context.event.ApplicationEventsTestExecutionListener@6ce1f601, org.springframework.boot.test.mock.mockito.MockitoTestExecutionListener@38875e7d, org.springframework.boot.test.autoconfigure.SpringBootDependencyInjectionTestExecutionListener@1e886a5b, org.springframework.test.context.support.DirtiesContextTestExecutionListener@d816dde, org.springframework.test.context.transaction.TransactionalTestExecutionListener@6e33c391, org.springframework.test.context.jdbc.SqlScriptsTestExecutionListener@6c451c9c, org.springframework.test.context.event.EventPublishingTestExecutionListener@31c269fd, org.springframework.boot.test.autoconfigure.restdocs.RestDocsTestExecutionListener@372b0d86, org.springframework.boot.test.autoconfigure.web.client.MockRestServiceServerResetTestExecutionListener@47747fb9, org.springframework.boot.test.autoconfigure.web.servlet.MockMvcPrintOnlyOnFailureTestExecutionListener@3113a37, org.springframework.boot.test.autoconfigure.web.servlet.WebDriverTestExecutionListener@213e3629, org.springframework.boot.test.autoconfigure.webservices.client.MockWebServiceServerTestExecutionListener@4e9658b5, org.springframework.boot.test.mock.mockito.ResetMocksTestExecutionListener@2a7b6f69]
17:01:22.199 [Test worker] DEBUG org.springframework.test.context.support.AbstractDirtiesContextTestExecutionListener - Before test class: context [DefaultTestContext@52c8295b testClass = MementoBackApplicationTests, testInstance = [null], testMethod = [null], testException = [null], mergedContextConfiguration = [WebMergedContextConfiguration@251f7d26 testClass = MementoBackApplicationTests, locations = '{}', classes = '{class hyu_memento.memento_back.MementoBackApplication}', contextInitializerClasses = '[]', activeProfiles = '{}', propertySourceLocations = '{}', propertySourceProperties = '{org.springframework.boot.test.context.SpringBootTestContextBootstrapper=true}', contextCustomizers = set[org.springframework.boot.test.autoconfigure.actuate.metrics.MetricsExportContextCustomizerFactory$DisableMetricExportContextCustomizer@698122b2, org.springframework.boot.test.autoconfigure.properties.PropertyMappingContextCustomizer@0, org.springframework.boot.test.autoconfigure.web.servlet.WebDriverContextCustomizerFactory$Customizer@5e81e5ac, org.springframework.boot.test.context.filter.ExcludeFilterContextCustomizer@6035b93b, org.springframework.boot.test.json.DuplicateJsonObjectContextCustomizerFactory$DuplicateJsonObjectContextCustomizer@1a7288a3, org.springframework.boot.test.mock.mockito.MockitoContextCustomizer@0, org.springframework.boot.test.web.client.TestRestTemplateContextCustomizer@29df4d43, org.springframework.boot.test.context.SpringBootTestArgs@1, org.springframework.boot.test.context.SpringBootTestWebEnvironment@68878f6d], resourceBasePath = 'src/main/webapp', contextLoader = 'org.springframework.boot.test.context.SpringBootContextLoader', parent = [null]], attributes = map['org.springframework.test.context.web.ServletTestExecutionListener.activateListener' -> true]], class annotated with @DirtiesContext [false] with mode [null].

  .   ____          _            __ _ _
 /\\ / ___'_ __ _ _(_)_ __  __ _ \ \ \ \
( ( )\___ | '_ | '_| | '_ \/ _` | \ \ \ \
 \\/  ___)| |_)| | | | | || (_| |  ) ) ) )
  '  |____| .__|_| |_|_| |_\__, | / / / /
 =========|_|==============|___/=/_/_/_/
 :: Spring Boot ::                (v2.7.5)

2022-11-26 17:01:22.761  INFO 11094 --- [    Test worker] h.m.MementoBackApplicationTests          : Starting MementoBackApplicationTests using Java 11.0.16 on ihaneul-ui-MacBookAir.local with PID 11094 (started by ihaneul in /Users/ihaneul/Desktop/seai)
2022-11-26 17:01:22.762  INFO 11094 --- [    Test worker] h.m.MementoBackApplicationTests          : No active profile set, falling back to 1 default profile: "default"
2022-11-26 17:01:23.550  INFO 11094 --- [    Test worker] .s.d.r.c.RepositoryConfigurationDelegate : Bootstrapping Spring Data JPA repositories in DEFAULT mode.
2022-11-26 17:01:23.566  INFO 11094 --- [    Test worker] .s.d.r.c.RepositoryConfigurationDelegate : Finished Spring Data repository scanning in 8 ms. Found 0 JPA repository interfaces.
2022-11-26 17:01:24.108  INFO 11094 --- [    Test worker] o.hibernate.jpa.internal.util.LogHelper  : HHH000204: Processing PersistenceUnitInfo [name: default]
2022-11-26 17:01:24.170  INFO 11094 --- [    Test worker] org.hibernate.Version                    : HHH000412: Hibernate ORM core version 5.6.12.Final
2022-11-26 17:01:24.360  INFO 11094 --- [    Test worker] o.hibernate.annotations.common.Version   : HCANN000001: Hibernate Commons Annotations {5.1.2.Final}
2022-11-26 17:01:24.476  INFO 11094 --- [    Test worker] com.zaxxer.hikari.HikariDataSource       : HikariPool-1 - Starting...
2022-11-26 17:01:24.596  INFO 11094 --- [    Test worker] com.zaxxer.hikari.HikariDataSource       : HikariPool-1 - Start completed.
2022-11-26 17:01:24.638  INFO 11094 --- [    Test worker] org.hibernate.dialect.Dialect            : HHH000400: Using dialect: org.hibernate.dialect.H2Dialect
2022-11-26 17:01:25.481 DEBUG 11094 --- [    Test worker] org.hibernate.SQL                        : 
    
    drop table if exists appliance CASCADE 
2022-11-26 17:01:25.489 DEBUG 11094 --- [    Test worker] org.hibernate.SQL                        : 
    
    drop table if exists appliance_operation CASCADE 
2022-11-26 17:01:25.490 DEBUG 11094 --- [    Test worker] org.hibernate.SQL                        : 
    
    drop table if exists game_play CASCADE 
2022-11-26 17:01:25.491 DEBUG 11094 --- [    Test worker] org.hibernate.SQL                        : 
    
    drop table if exists member CASCADE 
2022-11-26 17:01:25.493 DEBUG 11094 --- [    Test worker] org.hibernate.SQL                        : 
    
    drop table if exists quiz CASCADE 
2022-11-26 17:01:25.494 DEBUG 11094 --- [    Test worker] org.hibernate.SQL                        : 
    
    drop table if exists quiz_content CASCADE 
2022-11-26 17:01:25.495 DEBUG 11094 --- [    Test worker] org.hibernate.SQL                        : 
    
    drop table if exists record CASCADE 
2022-11-26 17:01:25.500 DEBUG 11094 --- [    Test worker] org.hibernate.SQL                        : 
    
    create table appliance (
       appliance_seq bigint generated by default as identity,
        fri varchar(255),
        mon varchar(255),
        sat varchar(255),
        serial_num varchar(255),
        setting_time time,
        sun varchar(255),
        thr varchar(255),
        tue varchar(255),
        type varchar(255),
        wed varchar(255),
        member_seq bigint,
        primary key (appliance_seq)
    )
2022-11-26 17:01:25.503 DEBUG 11094 --- [    Test worker] org.hibernate.SQL                        : 
    
    create table appliance_operation (
       appliance_operation_seq bigint generated by default as identity,
        date date,
        time time,
        appliance_seq bigint,
        member_seq bigint,
        primary key (appliance_operation_seq)
    )
2022-11-26 17:01:25.505 DEBUG 11094 --- [    Test worker] org.hibernate.SQL                        : 
    
    create table game_play (
       gameplay_seq bigint generated by default as identity,
        date date,
        result integer not null,
        time time,
        type varchar(255),
        member_seq bigint,
        primary key (gameplay_seq)
    )
2022-11-26 17:01:25.507 DEBUG 11094 --- [    Test worker] org.hibernate.SQL                        : 
    
    create table member (
       member_seq bigint generated by default as identity,
        birth_day date,
        email varchar(255),
        gender varchar(255),
        id varchar(255),
        name varchar(255),
        password varchar(255),
        phone_number varchar(255),
        type varchar(255),
        primary key (member_seq)
    )
2022-11-26 17:01:25.511 DEBUG 11094 --- [    Test worker] org.hibernate.SQL                        : 
    
    create table quiz (
       quiz_seq bigint generated by default as identity,
        date date,
        result integer not null,
        member_seq bigint,
        primary key (quiz_seq)
    )
2022-11-26 17:01:25.512 DEBUG 11094 --- [    Test worker] org.hibernate.SQL                        : 
    
    create table quiz_content (
       quiz_content_seq bigint generated by default as identity,
        ans boolean not null,
        content varchar(255),
        num integer not null,
        result boolean not null,
        user_ans boolean not null,
        quiz_seq bigint,
        primary key (quiz_content_seq)
    )
2022-11-26 17:01:25.514 DEBUG 11094 --- [    Test worker] org.hibernate.SQL                        : 
    
    create table record (
       record_seq bigint generated by default as identity,
        content varchar(255),
        date date,
        location varchar(255),
        time time,
        member_seq bigint,
        primary key (record_seq)
    )
2022-11-26 17:01:25.517 DEBUG 11094 --- [    Test worker] org.hibernate.SQL                        : 
    
    alter table appliance 
       add constraint FK4rmncdind6a93jt6evnsuypwa 
       foreign key (member_seq) 
       references member
2022-11-26 17:01:25.519 DEBUG 11094 --- [    Test worker] org.hibernate.SQL                        : 
    
    alter table appliance_operation 
       add constraint FKkptmstdqhr7tki1x3n10arc2o 
       foreign key (appliance_seq) 
       references appliance
2022-11-26 17:01:25.521 DEBUG 11094 --- [    Test worker] org.hibernate.SQL                        : 
    
    alter table appliance_operation 
       add constraint FKtla3j7f5p0to7u8dh7jsyh1e3 
       foreign key (member_seq) 
       references member
2022-11-26 17:01:25.524 DEBUG 11094 --- [    Test worker] org.hibernate.SQL                        : 
    
    alter table game_play 
       add constraint FK7wpypakx71426h8a5rnkhlgny 
       foreign key (member_seq) 
       references member
2022-11-26 17:01:25.526 DEBUG 11094 --- [    Test worker] org.hibernate.SQL                        : 
    
    alter table quiz 
       add constraint FK6lnfjg69buwf91l1qp2ojhvt3 
       foreign key (member_seq) 
       references member
2022-11-26 17:01:25.527 DEBUG 11094 --- [    Test worker] org.hibernate.SQL                        : 
    
    alter table quiz_content 
       add constraint FKmlmoehv2huvf89wh2568sx81r 
       foreign key (quiz_seq) 
       references quiz
2022-11-26 17:01:25.530 DEBUG 11094 --- [    Test worker] org.hibernate.SQL                        : 
    
    alter table record 
       add constraint FKlab60iar6oae99tmo3jb1alyc 
       foreign key (member_seq) 
       references member
2022-11-26 17:01:25.535  INFO 11094 --- [    Test worker] o.h.e.t.j.p.i.JtaPlatformInitiator       : HHH000490: Using JtaPlatform implementation: [org.hibernate.engine.transaction.jta.platform.internal.NoJtaPlatform]
2022-11-26 17:01:25.545  INFO 11094 --- [    Test worker] j.LocalContainerEntityManagerFactoryBean : Initialized JPA EntityManagerFactory for persistence unit 'default'
2022-11-26 17:01:25.976  WARN 11094 --- [    Test worker] JpaBaseConfiguration$JpaWebConfiguration : spring.jpa.open-in-view is enabled by default. Therefore, database queries may be performed during view rendering. Explicitly configure spring.jpa.open-in-view to disable this warning
2022-11-26 17:01:26.581  INFO 11094 --- [    Test worker] h.m.MementoBackApplicationTests          : Started MementoBackApplicationTests in 4.334 seconds (JVM running for 5.588)
]]></system-out>
  <system-err><![CDATA[]]></system-err>
</testsuite>
